[INFO ] 2025-04-17 17:55:22.320 [main] Log - Initializing BankAllocationSummary_MainClass...
[INFO ] 2025-04-17 17:55:22.322 [main] Log - Initializing WebElements using PageFactory...
[INFO ] 2025-04-17 17:55:22.325 [main] Log - BankAllocationSummary_MainClass initialized successfully.
[INFO ] 2025-04-17 17:55:25.255 [main] Log - Driver has initialized successfully for chrome browser
[INFO ] 2025-04-17 17:56:02.025 [main] Log - Title is displayed: BeaconICnRM
[INFO ] 2025-04-17 17:56:02.766 [main] Log - Default URL: /Home
[INFO ] 2025-04-17 17:56:03.055 [main] Log - Entered IBU0001196 in user name field
[INFO ] 2025-04-17 17:56:03.206 [main] Log - Entered test@123 in password field
[INFO ] 2025-04-17 17:56:03.338 [main] Log - Clicked on login button
[INFO ] 2025-04-17 17:56:43.803 [main] Log - Exception in SomeErrorOccuredHandling: Expected condition failed: waiting for element to be clickable: By.xpath: //span[text()='Some error occurred.'] (tried for 20 second(s) with 500 milliseconds interval)
Build info: version: '4.13.0', revision: 'ba948ece5b*'
System info: os.name: 'Windows 11', os.arch: 'amd64', os.version: '10.0', java.version: '23.0.1'
Driver info: org.openqa.selenium.chrome.ChromeDriver
Capabilities {acceptInsecureCerts: false, browserName: chrome, browserVersion: 135.0.7049.95, chrome: {chromedriverVersion: 135.0.7049.95 (de2eb485a195..., userDataDir: C:\Users\PINKU~1.PET\AppDat...}, fedcm:accounts: true, goog:chromeOptions: {debuggerAddress: localhost:50010}, networkConnectionEnabled: false, pageLoadStrategy: normal, platformName: windows, proxy: Proxy(), se:cdp: ws://localhost:50010/devtoo..., se:cdpVersion: 135.0.7049.95, setWindowRect: true, strictFileInteractability: false, timeouts: {implicit: 0, pageLoad: 300000, script: 30000}, unhandledPromptBehavior: dismiss and notify, webauthn:extension:credBlob: true, webauthn:extension:largeBlob: true, webauthn:extension:minPinLength: true, webauthn:extension:prf: true, webauthn:virtualAuthenticators: true}
Session ID: d6d937d9b2e18fd69b6fe0f0feef0ad3
[INFO ] 2025-04-17 17:56:43.898 [main] Log - UserID in Dashboard: IBU0001196
[INFO ] 2025-04-17 17:56:44.570 [main] Log - Org Name: Mumbai, Org Type Name: Zone/CO
[INFO ] 2025-04-17 17:56:44.656 [main] Log - Initializing BankAllocationSummary_MainClass...
[INFO ] 2025-04-17 17:56:44.656 [main] Log - Initializing WebElements using PageFactory...
[INFO ] 2025-04-17 17:56:44.656 [main] Log - BankAllocationSummary_MainClass initialized successfully.
[INFO ] 2025-04-17 17:56:44.662 [main] Log - Reading Branch User Credentials from properties file...
[INFO ] 2025-04-17 17:56:44.665 [main] Log - Properties file read successfully.
[INFO ] 2025-04-17 17:56:44.665 [main] Log - Branch_User_ID retrieved from properties: IBU0000301
[INFO ] 2025-04-17 17:56:44.665 [main] Log - Initializing input parameters for stored procedure...
[INFO ] 2025-04-17 17:56:44.665 [main] Log - Input parameters initialized.
[INFO ] 2025-04-17 17:56:44.665 [main] Log - Output parameter types defined.
[INFO ] 2025-04-17 17:56:44.666 [main] Log - Executing stored procedure: SP_PICK_EXISTING_CORE_BRANCH_USER...
[INFO ] 2025-04-17 17:56:45.287 [main] Log - Stored procedure execution completed.
[INFO ] 2025-04-17 17:56:45.289 [main] Log - Stored procedure returned values - User ID: null, Password: [PROTECTED], Status: UserIDFromPropertiesFile exist in acc_users table. Core Branch user creation aborted.
[INFO ] 2025-04-17 17:56:45.290 [main] Log - Updating properties file with generated Branch user credentials...
[INFO ] 2025-04-17 17:56:45.291 [main] Log - Credential map prepared for update.
[INFO ] 2025-04-17 17:56:45.292 [main] Log - Properties file already contains values. Skipping update.
[INFO ] 2025-04-17 17:56:45.293 [main] Log - Using existing credentials from properties file.
[INFO ] 2025-04-17 17:56:45.293 [main] Log - Branch User ID: IBU0000301
[INFO ] 2025-04-17 17:56:45.294 [main] Log - Password: [PROTECTED]
[INFO ] 2025-04-17 17:56:45.294 [main] Log - Status message: UserIDFromPropertiesFile exist in acc_users table. Core Branch user creation aborted.
[INFO ] 2025-04-17 17:56:45.295 [main] Log - Returning generated credentials...
[INFO ] 2025-04-17 17:56:45.299 [main] Log - Preparing input parameters for stored procedure...
[INFO ] 2025-04-17 17:56:45.300 [main] Log - Input parameters prepared: [Amaravati, Branch, IBU0000301]
[INFO ] 2025-04-17 17:56:45.301 [main] Log - Defining output types for stored procedure...
[INFO ] 2025-04-17 17:56:45.301 [main] Log - Output types defined: [12]
[INFO ] 2025-04-17 17:56:45.302 [main] Log - Executing stored procedure 'SP_DeleteDataOfZoneUserToBranchUserAccountAllocation'...
[INFO ] 2025-04-17 17:56:46.087 [main] Log - Stored procedure executed successfully. Results: [Deletion successful.]
[INFO ] 2025-04-17 17:56:46.088 [main] Log - Preparing input parameters for stored procedure...
[INFO ] 2025-04-17 17:56:46.089 [main] Log - Input parameters prepared: [IBU0000301]
[INFO ] 2025-04-17 17:56:46.090 [main] Log - Defining output types for stored procedure...
[INFO ] 2025-04-17 17:56:46.090 [main] Log - Output types defined: [12]
[INFO ] 2025-04-17 17:56:46.091 [main] Log - Executing stored procedure 'SP_InsertBCOUserIn_MSTEMPLOYEE'...
[INFO ] 2025-04-17 17:56:46.746 [main] Log - Stored procedure executed successfully. Results: [Success: Employee IBU0000301 inserted successfully.]
[INFO ] 2025-04-17 17:56:46.748 [main] Log - Waiting for Alerts and Notifications menu to be visible...
[INFO ] 2025-04-17 17:56:46.815 [main] Log - Alerts and Notifications menu is visible.
[INFO ] 2025-04-17 17:56:46.815 [main] Log - Scrolling to bottom of Alerts and Notifications menu...
[INFO ] 2025-04-17 17:56:46.828 [main] Log - Scroll complete.
[INFO ] 2025-04-17 17:56:46.828 [main] Log - Waiting for 'My Desk' element to be visible...
[INFO ] 2025-04-17 17:56:51.901 [main] Log - 'My Desk' is visible.
[INFO ] 2025-04-17 17:56:51.902 [main] Log - Clicking on 'My Desk'...
[INFO ] 2025-04-17 17:56:51.982 [main] Log - 'My Desk' clicked.
[INFO ] 2025-04-17 17:56:51.982 [main] Log - Waiting for 'Dashboard' element to be visible...
[INFO ] 2025-04-17 17:56:52.012 [main] Log - 'Dashboard' is visible.
[INFO ] 2025-04-17 17:56:52.012 [main] Log - Clicking on 'Dashboard'...
[INFO ] 2025-04-17 17:56:52.161 [main] Log - 'Dashboard' clicked.
[INFO ] 2025-04-17 17:56:52.161 [main] Log - Waiting for spinner to disappear...
[INFO ] 2025-04-17 17:57:10.781 [main] Log - Spinner disappeared.
[INFO ] 2025-04-17 17:57:10.782 [main] Log - Scrolling to bottom of the page...
[INFO ] 2025-04-17 17:57:10.792 [main] Log - Scroll complete.
[INFO ] 2025-04-17 17:57:10.792 [main] Log - Waiting for 'Unassigned Accounts' to be visible...
[INFO ] 2025-04-17 17:57:15.851 [main] Log - 'Unassigned Accounts' is visible.
[INFO ] 2025-04-17 17:57:15.851 [main] Log - Clicking on 'Unassigned Accounts'...
[INFO ] 2025-04-17 17:57:16.373 [main] Log - 'Unassigned Accounts' clicked.
[INFO ] 2025-04-17 17:57:16.373 [main] Log - Waiting for spinner to disappear...
[INFO ] 2025-04-17 17:57:20.901 [main] Log - Spinner disappeared.
[INFO ] 2025-04-17 17:57:20.901 [main] Log - Waiting for 'Download' to be visible...
[INFO ] 2025-04-17 17:57:46.362 [main] Log - 'Download' is visible.
[INFO ] 2025-04-17 17:57:46.362 [main] Log - Waiting for spinner to disappear again...
[INFO ] 2025-04-17 17:58:08.763 [main] Log - Spinner disappeared.
[INFO ] 2025-04-17 17:58:08.763 [main] Log - Waiting for 'Reset' to be visible...
[INFO ] 2025-04-17 17:58:08.788 [main] Log - 'Reset' is visible.
[INFO ] 2025-04-17 17:58:08.788 [main] Log - Clicking on 'Reset'...
[INFO ] 2025-04-17 17:58:09.135 [main] Log - 'Reset' clicked.
[INFO ] 2025-04-17 17:58:09.135 [main] Log - Waiting for final spinner to disappear...
[INFO ] 2025-04-17 17:58:17.574 [main] Log - Final spinner disappeared. 'selectSmaTile' completed.
[INFO ] 2025-04-17 17:58:17.575 [main] Log - Waiting for 'Asset Category' dropdown to be visible...
[INFO ] 2025-04-17 17:58:17.600 [main] Log - 'Asset Category' dropdown is visible.
[INFO ] 2025-04-17 17:58:17.600 [main] Log - Clicking on 'Asset Category' dropdown...
[INFO ] 2025-04-17 17:58:17.687 [main] Log - 'Asset Category' dropdown clicked.
[INFO ] 2025-04-17 17:58:17.687 [main] Log - Waiting for dropdown value 'SMA Category' to be visible...
[INFO ] 2025-04-17 17:58:17.722 [main] Log - Dropdown value 'SMA Category' is visible.
[INFO ] 2025-04-17 17:58:17.722 [main] Log - Clicking on dropdown value 'SMA Category'...
[INFO ] 2025-04-17 17:58:17.889 [main] Log - Dropdown value 'SMA Category' clicked.
[INFO ] 2025-04-17 17:58:17.889 [main] Log - Waiting for spinner to disappear...
[INFO ] 2025-04-17 17:58:24.017 [main] Log - Spinner disappeared. Asset category selection complete.
[INFO ] 2025-04-17 17:58:24.018 [main] Log - Waiting for 'SMA Category' dropdown to be visible...
[INFO ] 2025-04-17 17:58:24.053 [main] Log - 'SMA Category' dropdown is visible.
[INFO ] 2025-04-17 17:58:24.053 [main] Log - Clicking on 'SMA Category' dropdown...
[INFO ] 2025-04-17 17:58:24.129 [main] Log - 'SMA Category' dropdown clicked.
[INFO ] 2025-04-17 17:58:24.129 [main] Log - Waiting for dropdown value 'SMA 0 (01-30 Days)' to be visible...
[INFO ] 2025-04-17 17:58:24.168 [main] Log - Dropdown value 'SMA 0 (01-30 Days)' is visible.
[INFO ] 2025-04-17 17:58:24.168 [main] Log - Clicking on dropdown value 'SMA 0 (01-30 Days)'...
[INFO ] 2025-04-17 17:58:24.278 [main] Log - Dropdown value 'SMA 0 (01-30 Days)' clicked.
[INFO ] 2025-04-17 17:58:24.279 [main] Log - Waiting for 'Region' dropdown to be visible...
[INFO ] 2025-04-17 17:58:24.301 [main] Log - 'Region' dropdown is visible.
[INFO ] 2025-04-17 17:58:24.301 [main] Log - Clicking on 'Region' dropdown...
[INFO ] 2025-04-17 17:58:24.375 [main] Log - 'Region' dropdown clicked.
[INFO ] 2025-04-17 17:58:24.375 [main] Log - Waiting for dropdown value 'Mumbai I' to be visible...
[INFO ] 2025-04-17 17:58:24.414 [main] Log - Dropdown value 'Mumbai I' is visible.
[INFO ] 2025-04-17 17:58:24.414 [main] Log - Clicking on dropdown value 'Mumbai I'...
[INFO ] 2025-04-17 17:58:24.571 [main] Log - Dropdown value 'Mumbai I' clicked.
[INFO ] 2025-04-17 17:58:24.571 [main] Log - Waiting for spinner to disappear...
[INFO ] 2025-04-17 17:58:27.845 [main] Log - Spinner disappeared. Region selection complete.
[INFO ] 2025-04-17 17:58:27.845 [main] Log - Waiting for 'Branch' dropdown to be visible...
[INFO ] 2025-04-17 17:58:27.867 [main] Log - 'Branch' dropdown is visible.
[INFO ] 2025-04-17 17:58:27.867 [main] Log - Clicking on 'Branch' dropdown...
[INFO ] 2025-04-17 17:58:27.934 [main] Log - 'Branch' dropdown clicked.
[INFO ] 2025-04-17 17:58:27.936 [main] Log - Waiting for branch search input field to be visible...
[INFO ] 2025-04-17 17:58:27.974 [main] Log - Branch search input field is visible.
[INFO ] 2025-04-17 17:58:27.974 [main] Log - Clearing existing text in branch search input field...
[INFO ] 2025-04-17 17:58:28.040 [main] Log - Branch search input field cleared.
[INFO ] 2025-04-17 17:58:28.040 [main] Log - Typing branch name 'Amaravati' into search input...
[INFO ] 2025-04-17 17:58:30.729 [main] Log - Branch name 'Amaravati' entered.
[INFO ] 2025-04-17 17:58:30.731 [main] Log - Waiting for dropdown value 'Amaravati' to be visible...
[INFO ] 2025-04-17 17:58:31.299 [main] Log - Dropdown value 'Amaravati' is visible.
[INFO ] 2025-04-17 17:58:31.299 [main] Log - Clicking on dropdown value 'Amaravati'...
[INFO ] 2025-04-17 17:58:31.362 [main] Log - Dropdown value 'Amaravati' clicked.
[INFO ] 2025-04-17 17:58:31.362 [main] Log - Waiting for 'OS Balance Operators' dropdown to be visible...
[INFO ] 2025-04-17 17:58:31.388 [main] Log - 'OS Balance Operators' dropdown is visible.
[INFO ] 2025-04-17 17:58:31.388 [main] Log - Clicking on 'OS Balance Operators' dropdown...
[INFO ] 2025-04-17 17:58:31.490 [main] Log - 'OS Balance Operators' dropdown clicked.
[INFO ] 2025-04-17 17:58:31.490 [main] Log - Waiting for dropdown value '<' to be visible...
[INFO ] 2025-04-17 17:58:31.530 [main] Log - Dropdown value '<' is visible.
[INFO ] 2025-04-17 17:58:31.530 [main] Log - Clicking on dropdown value '<'...
[INFO ] 2025-04-17 17:58:31.724 [main] Log - Dropdown value '<' clicked.
[INFO ] 2025-04-17 17:58:31.724 [main] Log - Waiting for 'Amount' input field to be visible...
[INFO ] 2025-04-17 17:58:31.912 [main] Log - 'Amount' input field is visible.
[INFO ] 2025-04-17 17:58:31.912 [main] Log - Clearing existing value in 'Amount' input field...
[INFO ] 2025-04-17 17:58:31.965 [main] Log - 'Amount' input field cleared.
[INFO ] 2025-04-17 17:58:31.965 [main] Log - Entering amount: 10000
[INFO ] 2025-04-17 17:58:32.054 [main] Log - Amount '10000' entered.
[INFO ] 2025-04-17 17:58:32.054 [main] Log - Waiting for 'Search' button to be visible...
[INFO ] 2025-04-17 17:58:32.102 [main] Log - 'Search' button is visible.
[INFO ] 2025-04-17 17:58:32.102 [main] Log - Clicking on 'Search' button...
[INFO ] 2025-04-17 17:58:32.285 [main] Log - 'Search' button clicked.
[INFO ] 2025-04-17 17:58:32.285 [main] Log - Waiting for 'Download' button to be visible...
[INFO ] 2025-04-17 17:59:03.680 [main] Log - 'Download' button is visible. Search operation completed.
[INFO ] 2025-04-17 17:59:03.680 [main] Log - Scrolling to bottom of the page...
[INFO ] 2025-04-17 17:59:03.687 [main] Log - Scrolled to bottom of the page.
[INFO ] 2025-04-17 17:59:03.687 [main] Log - Waiting for 5 seconds after scroll...
[INFO ] 2025-04-17 17:59:08.698 [main] Log - Wait completed.
[INFO ] 2025-04-17 17:59:08.699 [main] Log - Waiting for 'Allocate To' dropdown to be visible...
[INFO ] 2025-04-17 17:59:08.757 [main] Log - 'Allocate To' dropdown is visible.
[INFO ] 2025-04-17 17:59:08.757 [main] Log - Clicking on 'Allocate To' dropdown...
[INFO ] 2025-04-17 17:59:08.829 [main] Log - 'Allocate To' dropdown clicked.
[INFO ] 2025-04-17 17:59:08.830 [main] Log - Waiting for dropdown value 'Branch' to be visible...
[INFO ] 2025-04-17 17:59:08.859 [main] Log - Dropdown value 'Branch' is visible.
[INFO ] 2025-04-17 17:59:08.859 [main] Log - Clicking on dropdown value 'Branch'...
[INFO ] 2025-04-17 17:59:09.146 [main] Log - Dropdown value 'Branch' clicked.
[INFO ] 2025-04-17 17:59:09.147 [main] Log - Waiting for 'Allocate' button to be visible...
[INFO ] 2025-04-17 17:59:09.172 [main] Log - 'Allocate' button is visible.
[INFO ] 2025-04-17 17:59:09.172 [main] Log - Clicking on 'Allocate' button...
[INFO ] 2025-04-17 17:59:09.374 [main] Log - 'Allocate' button clicked.
[INFO ] 2025-04-17 17:59:09.375 [main] Log - Waiting for allocation success message to be visible...
[INFO ] 2025-04-17 17:59:16.521 [main] Log - Allocation success message is visible.
[INFO ] 2025-04-17 17:59:16.521 [main] Log - Checking if allocation success message is displayed...
[INFO ] 2025-04-17 17:59:16.532 [main] Log - Allocation success message displayed status: true
[INFO ] 2025-04-17 17:59:19.568 [main] Log - Initializing BankAllocationSummary_MainClass...
[INFO ] 2025-04-17 17:59:19.569 [main] Log - Initializing WebElements using PageFactory...
[INFO ] 2025-04-17 17:59:19.569 [main] Log - BankAllocationSummary_MainClass initialized successfully.
[INFO ] 2025-04-17 17:59:20.187 [main] Log - Default URL: /Home
[INFO ] 2025-04-17 17:59:22.375 [main] Log - Driver has initialized successfully for chrome browser
[INFO ] 2025-04-17 18:00:03.619 [main] Log - Title is displayed: BeaconICnRM
[INFO ] 2025-04-17 18:00:04.346 [main] Log - Default URL: /Home
[INFO ] 2025-04-17 18:00:04.633 [main] Log - Entered IBU0000301 in user name field
[INFO ] 2025-04-17 18:00:04.747 [main] Log - Entered password in password field
[INFO ] 2025-04-17 18:00:04.847 [main] Log - Clicked on login button
[INFO ] 2025-04-17 18:00:09.089 [main] Log - Entered IBU0000301 in user name field
[INFO ] 2025-04-17 18:00:09.197 [main] Log - Entered password in password field
[INFO ] 2025-04-17 18:00:09.277 [main] Log - Clicked on login button
[INFO ] 2025-04-17 18:00:29.529 [main] Log - Exception in SomeErrorOccuredHandling: Expected condition failed: waiting for element to be clickable: By.xpath: //span[text()='Some error occurred.'] (tried for 20 second(s) with 500 milliseconds interval)
Build info: version: '4.13.0', revision: 'ba948ece5b*'
System info: os.name: 'Windows 11', os.arch: 'amd64', os.version: '10.0', java.version: '23.0.1'
Driver info: org.openqa.selenium.chrome.ChromeDriver
Capabilities {acceptInsecureCerts: false, browserName: chrome, browserVersion: 135.0.7049.95, chrome: {chromedriverVersion: 135.0.7049.95 (de2eb485a195..., userDataDir: C:\Users\PINKU~1.PET\AppDat...}, fedcm:accounts: true, goog:chromeOptions: {debuggerAddress: localhost:50089}, networkConnectionEnabled: false, pageLoadStrategy: normal, platformName: windows, proxy: Proxy(), se:cdp: ws://localhost:50089/devtoo..., se:cdpVersion: 135.0.7049.95, setWindowRect: true, strictFileInteractability: false, timeouts: {implicit: 0, pageLoad: 300000, script: 30000}, unhandledPromptBehavior: dismiss and notify, webauthn:extension:credBlob: true, webauthn:extension:largeBlob: true, webauthn:extension:minPinLength: true, webauthn:extension:prf: true, webauthn:virtualAuthenticators: true}
Session ID: aab6cb7c2c316e17615da235c998225c
[INFO ] 2025-04-17 18:00:29.596 [main] Log - UserID in Dashboard: IBU0000301
[INFO ] 2025-04-17 18:00:30.188 [main] Log - Org Name: Amaravati, Org Type Name: Branch
[INFO ] 2025-04-17 18:00:41.340 [main] Log - Initializing BankAllocationSummary_MainClass...
[INFO ] 2025-04-17 18:00:41.340 [main] Log - Initializing WebElements using PageFactory...
[INFO ] 2025-04-17 18:00:41.340 [main] Log - BankAllocationSummary_MainClass initialized successfully.
[INFO ] 2025-04-17 18:00:44.428 [main] Log - Initializing BankAllocationSummary_MainClass...
[INFO ] 2025-04-17 18:00:44.429 [main] Log - Initializing WebElements using PageFactory...
[INFO ] 2025-04-17 18:00:44.430 [main] Log - BankAllocationSummary_MainClass initialized successfully.
[INFO ] 2025-04-17 18:00:44.436 [main] Log - Waiting for Alerts and Notifications menu to be visible...
[INFO ] 2025-04-17 18:00:44.470 [main] Log - Alerts and Notifications menu is visible.
[INFO ] 2025-04-17 18:00:44.470 [main] Log - Scrolling Alerts and Notifications menu to the bottom...
[INFO ] 2025-04-17 18:00:49.492 [main] Log - Scroll action completed.
[INFO ] 2025-04-17 18:00:49.493 [main] Log - Waiting for 'My Desk' menu item to be visible...
[INFO ] 2025-04-17 18:00:49.549 [main] Log - 'My Desk' is visible.
[INFO ] 2025-04-17 18:00:49.549 [main] Log - Clicking on 'My Desk'...
[INFO ] 2025-04-17 18:00:49.621 [main] Log - 'My Desk' clicked successfully.
[INFO ] 2025-04-17 18:00:49.621 [main] Log - Waiting for 'Dashboard' to be visible...
[INFO ] 2025-04-17 18:00:49.648 [main] Log - 'Dashboard' is visible.
[INFO ] 2025-04-17 18:00:49.648 [main] Log - Clicking on 'Dashboard'...
[INFO ] 2025-04-17 18:00:49.791 [main] Log - 'Dashboard' clicked successfully.
[INFO ] 2025-04-17 18:00:49.791 [main] Log - Waiting for loading spinner to disappear...
[INFO ] 2025-04-17 18:01:01.122 [main] Log - Loading spinner disappeared. Navigation to 'My Desk' completed.
[INFO ] 2025-04-17 18:01:01.124 [main] Log - Waiting for 'Branch Attention Required Accounts' element to be visible...
[INFO ] 2025-04-17 18:01:01.149 [main] Log - 'Branch Attention Required Accounts' element is visible.
[INFO ] 2025-04-17 18:01:01.149 [main] Log - Clicking on 'Branch Attention Required Accounts'...
[INFO ] 2025-04-17 18:01:01.563 [main] Log - Clicked on 'Branch Attention Required Accounts'.
[INFO ] 2025-04-17 18:01:01.563 [main] Log - Waiting for spinner to disappear...
[INFO ] 2025-04-17 18:01:06.479 [main] Log - Spinner disappeared.
[INFO ] 2025-04-17 18:01:06.479 [main] Log - Waiting for pagination element to be visible...
[INFO ] 2025-04-17 18:01:19.103 [main] Log - Pagination element is visible.
[INFO ] 2025-04-17 18:01:19.103 [main] Log - Waiting again for spinner to disappear...
[INFO ] 2025-04-17 18:01:32.418 [main] Log - Spinner disappeared again.
[INFO ] 2025-04-17 18:01:32.419 [main] Log - Creating WebDriverWait instance...
[INFO ] 2025-04-17 18:01:32.419 [main] Log - Scrolling to bottom of the page using JavaScript...
[INFO ] 2025-04-17 18:01:32.425 [main] Log - Scroll to bottom completed.
[INFO ] 2025-04-17 18:01:32.425 [main] Log - Waiting for 5 seconds...
[INFO ] 2025-04-17 18:01:37.427 [main] Log - Wait completed.
[INFO ] 2025-04-17 18:01:37.427 [main] Log - Waiting for 'Select all from grid' element to be visible...
[INFO ] 2025-04-17 18:01:37.659 [main] Log - 'Select all from grid' element is visible.
[INFO ] 2025-04-17 18:01:37.659 [main] Log - Clicking on 'Select all from grid'...
[INFO ] 2025-04-17 18:01:37.764 [main] Log - Clicked on 'Select all from grid'.
[INFO ] 2025-04-17 18:01:37.765 [main] Log - Fetching list of account number elements from the grid...
[INFO ] 2025-04-17 18:01:37.787 [main] Log - Fetched 3 account number elements.
[INFO ] 2025-04-17 18:01:37.787 [main] Log - Extracting text from each account number element...
[INFO ] 2025-04-17 18:01:37.802 [main] Log - Extracted account number: 1109004406109368
[INFO ] 2025-04-17 18:01:37.815 [main] Log - Extracted account number: 1109004406109612
[INFO ] 2025-04-17 18:01:37.826 [main] Log - Extracted account number: 1109004406109721
[INFO ] 2025-04-17 18:01:37.826 [main] Log - All account numbers extracted successfully.
[INFO ] 2025-04-17 18:01:37.826 [main] Log - Creating WebDriverWait instance...
[INFO ] 2025-04-17 18:01:37.826 [main] Log - Waiting for 'Assign/Reassign To' element to be visible...
[INFO ] 2025-04-17 18:01:37.871 [main] Log - 'Assign/Reassign To' element is visible.
[INFO ] 2025-04-17 18:01:37.871 [main] Log - Clicking on 'Assign/Reassign To'...
[INFO ] 2025-04-17 18:01:37.964 [main] Log - Clicked on 'Assign/Reassign To'.
[INFO ] 2025-04-17 18:01:37.964 [main] Log - Waiting for 'Assign/Reassign To' search space to be visible...
[INFO ] 2025-04-17 18:01:37.989 [main] Log - 'Assign/Reassign To' search space is visible.
[INFO ] 2025-04-17 18:01:37.991 [main] Log - Clearing the 'Assign/Reassign To' search space...
[INFO ] 2025-04-17 18:01:38.045 [main] Log - Cleared the search space.
[INFO ] 2025-04-17 18:01:38.045 [main] Log - Entering username into 'Assign/Reassign To' search space...
[INFO ] 2025-04-17 18:01:38.130 [main] Log - Entered username: gokulam
[INFO ] 2025-04-17 18:01:38.130 [main] Log - Waiting for dropdown value matching the username to be visible...
[INFO ] 2025-04-17 18:01:38.152 [main] Log - Dropdown value is visible.
[INFO ] 2025-04-17 18:01:38.152 [main] Log - Clicking on the dropdown value for username...
[INFO ] 2025-04-17 18:01:38.352 [main] Log - Clicked on the dropdown value for username.
[INFO ] 2025-04-17 18:01:38.352 [main] Log - Creating WebDriverWait instance...
[INFO ] 2025-04-17 18:01:38.352 [main] Log - Waiting for 'Assign' button to be visible...
[INFO ] 2025-04-17 18:01:38.379 [main] Log - 'Assign' button is visible.
[INFO ] 2025-04-17 18:01:38.379 [main] Log - Clicking on 'Assign' button...
[INFO ] 2025-04-17 18:01:38.541 [main] Log - Clicked on 'Assign' button.
[INFO ] 2025-04-17 18:01:38.541 [main] Log - Creating WebDriverWait instance...
[INFO ] 2025-04-17 18:01:38.542 [main] Log - Waiting for 'Assign Success Message' element to be visible...
[INFO ] 2025-04-17 18:01:43.383 [main] Log - 'Assign Success Message' element is visible.
[INFO ] 2025-04-17 18:01:43.384 [main] Log - Checking if 'Assign Success Message' is displayed...
[INFO ] 2025-04-17 18:01:43.399 [main] Log - 'Assign Success Message' displayed status: true
[INFO ] 2025-04-17 18:01:46.411 [main] Log - Initializing BankAllocationSummary_MainClass...
[INFO ] 2025-04-17 18:01:46.411 [main] Log - Initializing WebElements using PageFactory...
[INFO ] 2025-04-17 18:01:46.411 [main] Log - BankAllocationSummary_MainClass initialized successfully.
[INFO ] 2025-04-17 18:01:46.414 [main] Log - Preparing input parameters for stored procedure call...
[INFO ] 2025-04-17 18:01:46.414 [main] Log - Input parameters prepared: userId = IBU0000301
[INFO ] 2025-04-17 18:01:46.414 [main] Log - Preparing output parameter types...
[INFO ] 2025-04-17 18:01:46.414 [main] Log - Output parameter types prepared.
[INFO ] 2025-04-17 18:01:46.414 [main] Log - Calling stored procedure 'SP_INSERT_TRN_AC_MOVEMENT_ForMyDeskDashBoard'...
[INFO ] 2025-04-17 18:01:47.028 [main] Log - Stored procedure executed successfully.
[INFO ] 2025-04-17 18:01:47.029 [main] Log - Received status message from stored procedure: Accounts inserted into TRN_AC_MOVEMENT with  MOVEMENT TYPE=1 and MOVEMENT_TYPE_CATEGORY=NEW
[INFO ] 2025-04-17 18:01:50.278 [main] Log - Initializing BankAllocationSummary_MainClass...
[INFO ] 2025-04-17 18:01:50.281 [main] Log - Initializing WebElements using PageFactory...
[INFO ] 2025-04-17 18:01:50.281 [main] Log - BankAllocationSummary_MainClass initialized successfully.
[INFO ] 2025-04-17 18:01:51.658 [main] Log - Driver has initialized successfully for chrome browser
[INFO ] 2025-04-17 18:02:40.390 [main] Log - Title is displayed: BeaconICnRM
[INFO ] 2025-04-17 18:02:41.157 [main] Log - Default URL: /Home
[INFO ] 2025-04-17 18:02:41.493 [main] Log - Entered IBU0001196 in user name field
[INFO ] 2025-04-17 18:02:41.628 [main] Log - Entered test@123 in password field
[INFO ] 2025-04-17 18:02:41.742 [main] Log - Clicked on login button
[INFO ] 2025-04-17 18:02:45.965 [main] Log - Entered IBU0001196 in user name field
[INFO ] 2025-04-17 18:02:46.061 [main] Log - Entered test@123 in password field
[INFO ] 2025-04-17 18:02:46.139 [main] Log - Clicked on login button
[INFO ] 2025-04-17 18:02:46.139 [main] Log - Clicked on already login yes button and logged in again with valid credentials
[INFO ] 2025-04-17 18:03:06.411 [main] Log - Exception in SomeErrorOccuredHandling: Expected condition failed: waiting for element to be clickable: By.xpath: //span[text()='Some error occurred.'] (tried for 20 second(s) with 500 milliseconds interval)
Build info: version: '4.13.0', revision: 'ba948ece5b*'
System info: os.name: 'Windows 11', os.arch: 'amd64', os.version: '10.0', java.version: '23.0.1'
Driver info: org.openqa.selenium.chrome.ChromeDriver
Capabilities {acceptInsecureCerts: false, browserName: chrome, browserVersion: 135.0.7049.95, chrome: {chromedriverVersion: 135.0.7049.95 (de2eb485a195..., userDataDir: C:\Users\PINKU~1.PET\AppDat...}, fedcm:accounts: true, goog:chromeOptions: {debuggerAddress: localhost:50188}, networkConnectionEnabled: false, pageLoadStrategy: normal, platformName: windows, proxy: Proxy(), se:cdp: ws://localhost:50188/devtoo..., se:cdpVersion: 135.0.7049.95, setWindowRect: true, strictFileInteractability: false, timeouts: {implicit: 0, pageLoad: 300000, script: 30000}, unhandledPromptBehavior: dismiss and notify, webauthn:extension:credBlob: true, webauthn:extension:largeBlob: true, webauthn:extension:minPinLength: true, webauthn:extension:prf: true, webauthn:virtualAuthenticators: true}
Session ID: a76859a3cab2ba3d62f7f5bc3d28ece3
[INFO ] 2025-04-17 18:03:06.476 [main] Log - UserID in Dashboard: IBU0001196
[INFO ] 2025-04-17 18:03:07.077 [main] Log - Org Name: Mumbai, Org Type Name: Zone/CO
[INFO ] 2025-04-17 18:03:09.730 [main] Log - Initializing BankAllocationSummary_MainClass...
[INFO ] 2025-04-17 18:03:09.731 [main] Log - Initializing WebElements using PageFactory...
[INFO ] 2025-04-17 18:03:09.731 [main] Log - BankAllocationSummary_MainClass initialized successfully.
[INFO ] 2025-04-17 18:03:09.732 [main] Log - Creating WebDriverWait instance...
[INFO ] 2025-04-17 18:03:09.732 [main] Log - Waiting for 'Alerts and Notifications' menu to be visible...
[INFO ] 2025-04-17 18:03:09.755 [main] Log - 'Alerts and Notifications' menu is visible.
[INFO ] 2025-04-17 18:03:09.755 [main] Log - Scrolling through 'Alerts and Notifications' menu...
[INFO ] 2025-04-17 18:03:09.760 [main] Log - Scroll action completed.
[INFO ] 2025-04-17 18:03:09.760 [main] Log - Waiting for 5 seconds...
[INFO ] 2025-04-17 18:03:14.768 [main] Log - Wait completed.
[INFO ] 2025-04-17 18:03:14.770 [main] Log - Waiting for 'Summary Reports' to be visible...
[INFO ] 2025-04-17 18:03:14.820 [main] Log - 'Summary Reports' is visible.
[INFO ] 2025-04-17 18:03:14.820 [main] Log - Clicking on 'Summary Reports'...
[INFO ] 2025-04-17 18:03:14.893 [main] Log - Clicked on 'Summary Reports'.
[INFO ] 2025-04-17 18:03:14.893 [main] Log - Waiting for 'Bank Allocation Summary' to be visible...
[INFO ] 2025-04-17 18:03:14.925 [main] Log - 'Bank Allocation Summary' is visible.
[INFO ] 2025-04-17 18:03:14.925 [main] Log - Clicking on 'Bank Allocation Summary'...
[INFO ] 2025-04-17 18:03:15.534 [main] Log - Clicked on 'Bank Allocation Summary'.
[INFO ] 2025-04-17 18:03:15.534 [main] Log - Waiting for 'Branch' element to be visible...
[INFO ] 2025-04-17 18:03:47.775 [main] Log - 'Branch' element is visible.
[INFO ] 2025-04-17 18:03:47.775 [main] Log - Waiting for spinner to disappear...
[INFO ] 2025-04-17 18:03:53.940 [main] Log - Spinner disappeared.
[INFO ] 2025-04-17 18:03:53.941 [main] Log - Creating WebDriverWait instance...
[INFO ] 2025-04-17 18:03:53.941 [main] Log - Waiting for 'Region' dropdown to be visible...
[INFO ] 2025-04-17 18:03:53.966 [main] Log - 'Region' dropdown is visible.
[INFO ] 2025-04-17 18:03:53.966 [main] Log - Clicking on 'Region' dropdown...
[INFO ] 2025-04-17 18:03:54.044 [main] Log - Clicked on 'Region' dropdown.
[INFO ] 2025-04-17 18:03:54.045 [main] Log - Waiting for region dropdown value: Mumbai I
[INFO ] 2025-04-17 18:03:54.076 [main] Log - Region dropdown value is visible.
[INFO ] 2025-04-17 18:03:54.076 [main] Log - Selecting region: Mumbai I
[INFO ] 2025-04-17 18:03:54.210 [main] Log - Selected region: Mumbai I
[INFO ] 2025-04-17 18:03:54.210 [main] Log - Waiting for spinner to disappear after selecting region...
[INFO ] 2025-04-17 18:04:11.278 [main] Log - Spinner disappeared.
[INFO ] 2025-04-17 18:04:11.279 [main] Log - Waiting for 'Branch' field to be visible...
[INFO ] 2025-04-17 18:04:11.300 [main] Log - 'Branch' field is visible.
[INFO ] 2025-04-17 18:04:11.300 [main] Log - Clicking on 'Branch'...
[INFO ] 2025-04-17 18:04:11.366 [main] Log - Clicked on 'Branch'.
[INFO ] 2025-04-17 18:04:11.366 [main] Log - Waiting for 'Assign/Reassign To' search space to be visible...
[INFO ] 2025-04-17 18:04:11.400 [main] Log - 'Assign/Reassign To' search space is visible.
[INFO ] 2025-04-17 18:04:11.400 [main] Log - Clearing 'Assign/Reassign To' search space...
[INFO ] 2025-04-17 18:04:11.445 [main] Log - Cleared search space.
[INFO ] 2025-04-17 18:04:11.446 [main] Log - Entering branch name: Amaravati
[INFO ] 2025-04-17 18:04:11.515 [main] Log - Entered branch name: Amaravati
[INFO ] 2025-04-17 18:04:11.515 [main] Log - Waiting for branch dropdown value to be visible...
[INFO ] 2025-04-17 18:04:14.434 [main] Log - Branch dropdown value is visible.
[INFO ] 2025-04-17 18:04:14.434 [main] Log - Selecting branch: Amaravati
[INFO ] 2025-04-17 18:04:14.558 [main] Log - Selected branch: Amaravati
[INFO ] 2025-04-17 18:04:14.559 [main] Log - Waiting for spinner to disappear after selecting branch...
[INFO ] 2025-04-17 18:05:09.115 [main] Log - Spinner disappeared.
[INFO ] 2025-04-17 18:05:09.115 [main] Log - Waiting for 'From Date' field to be visible...
[INFO ] 2025-04-17 18:05:09.137 [main] Log - 'From Date' field is visible.
[INFO ] 2025-04-17 18:05:09.137 [main] Log - Clicking on 'From Date'...
[INFO ] 2025-04-17 18:05:09.213 [main] Log - Clicked on 'From Date'.
[INFO ] 2025-04-17 18:05:09.213 [main] Log - Waiting for 'From Date' dropdown value: 17
[INFO ] 2025-04-17 18:05:09.241 [main] Log - 'From Date' dropdown value is visible.
[INFO ] 2025-04-17 18:05:09.242 [main] Log - Selecting 'From Date': 17
[INFO ] 2025-04-17 18:05:09.427 [main] Log - Selected 'From Date': 17
[INFO ] 2025-04-17 18:05:09.428 [main] Log - Waiting for 'To Date' field to be visible...
[INFO ] 2025-04-17 18:05:09.458 [main] Log - 'To Date' field is visible.
[INFO ] 2025-04-17 18:05:09.458 [main] Log - Clicking on 'To Date'...
[INFO ] 2025-04-17 18:05:09.527 [main] Log - Clicked on 'To Date'.
[INFO ] 2025-04-17 18:05:09.527 [main] Log - Waiting for 'To Date' dropdown value: 17
[INFO ] 2025-04-17 18:05:09.551 [main] Log - 'To Date' dropdown value is visible.
[INFO ] 2025-04-17 18:05:09.551 [main] Log - Selecting 'To Date': 17
[INFO ] 2025-04-17 18:05:09.699 [main] Log - Selected 'To Date': 17
[INFO ] 2025-04-17 18:05:09.699 [main] Log - Creating WebDriverWait instance...
[INFO ] 2025-04-17 18:05:09.699 [main] Log - Waiting for 'Search' button to be visible...
[INFO ] 2025-04-17 18:05:09.721 [main] Log - 'Search' button is visible.
[INFO ] 2025-04-17 18:05:09.721 [main] Log - Clicking on 'Search' button...
[INFO ] 2025-04-17 18:05:09.842 [main] Log - Clicked on 'Search' button.
[INFO ] 2025-04-17 18:05:09.842 [main] Log - Waiting for spinner to disappear after clicking 'Search'...
[INFO ] 2025-04-17 18:05:21.995 [main] Log - Spinner disappeared.
[INFO ] 2025-04-17 18:05:21.996 [main] Log - Calculating expected account count...
[INFO ] 2025-04-17 18:05:21.996 [main] Log - Expected account count: 3
[INFO ] 2025-04-17 18:05:21.996 [main] Log - Getting current system date in format dd-MM-yyyy...
[INFO ] 2025-04-17 18:05:21.997 [main] Log - Current system date: 17-04-2025
[INFO ] 2025-04-17 18:05:21.997 [main] Log - Creating WebDriverWait instance...
[INFO ] 2025-04-17 18:05:21.997 [main] Log - Waiting for 'Date from grid' to be visible...
[INFO ] 2025-04-17 18:05:27.376 [main] Log - 'Date from grid' is visible.
[INFO ] 2025-04-17 18:05:27.376 [main] Log - Retrieving displayed date from grid...
[INFO ] 2025-04-17 18:05:27.389 [main] Log - Displayed date from grid: 17-04-2025
[INFO ] 2025-04-17 18:05:27.390 [main] Log - Waiting for 'Count of Accounts from grid' to be visible...
[INFO ] 2025-04-17 18:05:27.410 [main] Log - 'Count of Accounts from grid' is visible.
[INFO ] 2025-04-17 18:05:27.410 [main] Log - Retrieving displayed account count from grid...
[INFO ] 2025-04-17 18:05:27.418 [main] Log - Displayed account count string: 3
[INFO ] 2025-04-17 18:05:27.418 [main] Log - Parsing displayed account count to integer...
[INFO ] 2025-04-17 18:05:27.418 [main] Log - Parsed displayed account count: 3
[INFO ] 2025-04-17 18:05:27.418 [main] Log - Comparing expected and displayed dates...
[INFO ] 2025-04-17 18:05:27.418 [main] Log - Date matches.
[INFO ] 2025-04-17 18:05:27.419 [main] Log - Comparing expected and displayed account counts...
[INFO ] 2025-04-17 18:05:27.419 [main] Log - Account count matches.
[INFO ] 2025-04-17 18:05:27.419 [main] Log - Final result of today's allocation check: true
[INFO ] 2025-04-17 18:05:30.433 [main] Log - Initializing BankAllocationSummary_MainClass...
[INFO ] 2025-04-17 18:05:30.434 [main] Log - Initializing WebElements using PageFactory...
[INFO ] 2025-04-17 18:05:30.434 [main] Log - BankAllocationSummary_MainClass initialized successfully.
[INFO ] 2025-04-17 18:05:30.441 [main] Log - Waiting for the download button to become visible...
[INFO ] 2025-04-17 18:05:30.482 [main] Log - Download button is visible.
[INFO ] 2025-04-17 18:05:30.482 [main] Log - Clicking on the download button to initiate Excel download...
[INFO ] 2025-04-17 18:05:30.647 [main] Log - Download button clicked.
[INFO ] 2025-04-17 18:05:30.647 [main] Log - Waiting for download success message to appear...
[INFO ] 2025-04-17 18:05:38.668 [main] Log - Download success message appeared.
[INFO ] 2025-04-17 18:05:38.668 [main] Log - Waiting for download success message to disappear...
[INFO ] 2025-04-17 18:05:43.547 [main] Log - Download success message disappeared.
[INFO ] 2025-04-17 18:05:43.548 [main] Log - Waiting for spinner to disappear...
[INFO ] 2025-04-17 18:05:43.563 [main] Log - Spinner disappeared. Excel download process is complete.
[INFO ] 2025-04-17 18:05:43.565 [main] Log - Waiting for 'Count of Accounts' value from UI...
[INFO ] 2025-04-17 18:05:43.580 [main] Log - 'Count of Accounts' value retrieved from UI.
[INFO ] 2025-04-17 18:05:43.588 [main] Log - Parsed UI count of accounts: 3
[INFO ] 2025-04-17 18:05:43.588 [main] Log - Waiting for 'TOTAL_OS_AMOUNT_IN_LAKHS' value from UI...
[INFO ] 2025-04-17 18:05:43.608 [main] Log - 'TOTAL_OS_AMOUNT_IN_LAKHS' value retrieved from UI.
[INFO ] 2025-04-17 18:05:43.619 [main] Log - Parsed and formatted UI outstanding balance: 6.00
[INFO ] 2025-04-17 18:05:43.619 [main] Log - Reading data from downloaded Excel...
[INFO ] 2025-04-17 18:05:43.898 [main] Log - Excel data read successfully.
[INFO ] 2025-04-17 18:05:43.898 [main] Log - Parsed Excel count: 3, formatted outstanding balance: 6.00
[INFO ] 2025-04-17 18:05:43.898 [main] Log - Account count matches between UI and Excel.
[INFO ] 2025-04-17 18:05:43.898 [main] Log - Outstanding balance matches between UI and Excel.
[INFO ] 2025-04-17 18:05:43.898 [main] Log - Final comparison result: true
[INFO ] 2025-04-17 18:05:47.057 [main] Log - Initializing BankAllocationSummary_MainClass...
[INFO ] 2025-04-17 18:05:47.059 [main] Log - Initializing WebElements using PageFactory...
[INFO ] 2025-04-17 18:05:47.059 [main] Log - BankAllocationSummary_MainClass initialized successfully.
[INFO ] 2025-04-17 18:05:47.060 [main] Log - Preparing input parameters for stored procedure 'SP_UPDATE_ALLOCATED_DATE'...
[INFO ] 2025-04-17 18:05:47.061 [main] Log - Input parameters prepared: Region = Amaravati, Branch = Branch, User ID = IBU0000301
[INFO ] 2025-04-17 18:05:47.061 [main] Log - Preparing output parameter types...
[INFO ] 2025-04-17 18:05:47.061 [main] Log - Output parameter types prepared.
[INFO ] 2025-04-17 18:05:47.061 [main] Log - Calling stored procedure 'SP_UPDATE_ALLOCATED_DATE' using DBUtils...
[INFO ] 2025-04-17 18:05:47.686 [main] Log - Stored procedure executed successfully.
[INFO ] 2025-04-17 18:05:47.686 [main] Log - Retrieving result from stored procedure...
[INFO ] 2025-04-17 18:05:47.686 [main] Log - Stored procedure result: Update successful.
[INFO ] 2025-04-17 18:05:47.687 [main] Log - Preparing input parameters for stored procedure 'SP_RUN_PACKAGE_ALLOCATION_DASHBOARD_DATA_LOAD_PKG'...
[INFO ] 2025-04-17 18:05:47.687 [main] Log - Preparing output parameter types...
[INFO ] 2025-04-17 18:05:47.687 [main] Log - Output parameter types prepared.
[INFO ] 2025-04-17 18:05:47.687 [main] Log - Calling stored procedure 'SP_RUN_BRANCH_ALLOC_DASHBOARD' using DBUtils...
[INFO ] 2025-04-17 18:05:48.668 [main] Log - Stored procedure executed successfully.
[INFO ] 2025-04-17 18:05:48.668 [main] Log - Retrieving result from stored procedure...
[INFO ] 2025-04-17 18:05:48.669 [main] Log - Stored procedure result: Success
[INFO ] 2025-04-17 18:05:51.683 [main] Log - Initializing BankAllocationSummary_MainClass...
[INFO ] 2025-04-17 18:05:51.684 [main] Log - Initializing WebElements using PageFactory...
[INFO ] 2025-04-17 18:05:51.684 [main] Log - BankAllocationSummary_MainClass initialized successfully.
[INFO ] 2025-04-17 18:05:51.686 [main] Log - Preparing input parameters for stored procedure 'SP_CHECK_ALLOCATION_DASHBOARD_DATA_LOAD_PKG_EXECUTION_DATA'...
[INFO ] 2025-04-17 18:05:51.686 [main] Log - Input parameter prepared: User ID = IBU0000301
[INFO ] 2025-04-17 18:05:51.686 [main] Log - Preparing output parameter types...
[INFO ] 2025-04-17 18:05:51.686 [main] Log - Output parameter types prepared.
[INFO ] 2025-04-17 18:05:51.686 [main] Log - Calling stored procedure 'SP_CHECK_ALLOCATION_DASHBOARD_DATA_LOAD_PKG_EXECUTION_DATA' using DBUtils...
[INFO ] 2025-04-17 18:05:52.288 [main] Log - Stored procedure executed successfully.
[INFO ] 2025-04-17 18:05:52.288 [main] Log - Retrieved results:
[INFO ] 2025-04-17 18:05:52.288 [main] Log - DW_BRANCH_ALLOCATIONS_SUMMARY table entry: Yes
[INFO ] 2025-04-17 18:05:52.288 [main] Log - DW_BRANCH_ALLOCATIONS_DASHBOARD table entry: Yes
[INFO ] 2025-04-17 18:05:55.467 [main] Log - Initializing BankAllocationSummary_MainClass...
[INFO ] 2025-04-17 18:05:55.467 [main] Log - Initializing WebElements using PageFactory...
[INFO ] 2025-04-17 18:05:55.468 [main] Log - BankAllocationSummary_MainClass initialized successfully.
[INFO ] 2025-04-17 18:05:55.470 [main] Log - Waiting for 'From Date' field to be visible...
[INFO ] 2025-04-17 18:05:55.496 [main] Log - 'From Date' field is visible.
[INFO ] 2025-04-17 18:05:55.496 [main] Log - Clicking on 'From Date'...
[INFO ] 2025-04-17 18:05:55.566 [main] Log - Clicked on 'From Date'.
[INFO ] 2025-04-17 18:05:55.566 [main] Log - Waiting for 'From Date' dropdown value: 16
[INFO ] 2025-04-17 18:05:55.601 [main] Log - 'From Date' dropdown value is visible.
[INFO ] 2025-04-17 18:05:55.601 [main] Log - Selecting 'From Date': 16
[INFO ] 2025-04-17 18:05:55.746 [main] Log - Selected 'From Date': 16
[INFO ] 2025-04-17 18:05:55.746 [main] Log - Waiting for 'To Date' field to be visible...
[INFO ] 2025-04-17 18:05:55.771 [main] Log - 'To Date' field is visible.
[INFO ] 2025-04-17 18:05:55.772 [main] Log - Clicking on 'To Date'...
[INFO ] 2025-04-17 18:05:55.847 [main] Log - Clicked on 'To Date'.
[INFO ] 2025-04-17 18:05:55.847 [main] Log - Waiting for 'To Date' dropdown value: 16
[INFO ] 2025-04-17 18:05:55.877 [main] Log - 'To Date' dropdown value is visible.
[INFO ] 2025-04-17 18:05:55.877 [main] Log - Selecting 'To Date': 16
[INFO ] 2025-04-17 18:05:56.024 [main] Log - Selected 'To Date': 16
[INFO ] 2025-04-17 18:05:56.024 [main] Log - Creating WebDriverWait instance...
[INFO ] 2025-04-17 18:05:56.024 [main] Log - Waiting for 'Search' button to be visible...
[INFO ] 2025-04-17 18:05:56.048 [main] Log - 'Search' button is visible.
[INFO ] 2025-04-17 18:05:56.048 [main] Log - Clicking on 'Search' button...
[INFO ] 2025-04-17 18:05:56.143 [main] Log - Clicked on 'Search' button.
[INFO ] 2025-04-17 18:05:56.143 [main] Log - Waiting for spinner to disappear after clicking 'Search'...
[INFO ] 2025-04-17 18:06:07.201 [main] Log - Spinner disappeared.
[INFO ] 2025-04-17 18:06:07.201 [main] Log - Calculating expected account count...
[INFO ] 2025-04-17 18:06:07.201 [main] Log - Expected account count: 3
[INFO ] 2025-04-17 18:06:07.201 [main] Log - Getting yesterdays system date in format dd-MM-yyyy...
[INFO ] 2025-04-17 18:06:07.202 [main] Log - Yesterdays system date: 16-04-2025
[INFO ] 2025-04-17 18:06:07.202 [main] Log - Creating WebDriverWait instance...
[INFO ] 2025-04-17 18:06:07.202 [main] Log - Waiting for 'Date from grid' to be visible...
[INFO ] 2025-04-17 18:06:07.220 [main] Log - 'Date from grid' is visible.
[INFO ] 2025-04-17 18:06:07.220 [main] Log - Retrieving displayed date from grid...
[INFO ] 2025-04-17 18:06:07.229 [main] Log - Displayed date from grid: 16-04-2025
[INFO ] 2025-04-17 18:06:07.229 [main] Log - Waiting for 'Count of Accounts from grid' to be visible...
[INFO ] 2025-04-17 18:06:07.247 [main] Log - 'Count of Accounts from grid' is visible.
[INFO ] 2025-04-17 18:06:07.247 [main] Log - Retrieving displayed account count from grid...
[INFO ] 2025-04-17 18:06:07.254 [main] Log - Displayed account count string: 3
[INFO ] 2025-04-17 18:06:07.254 [main] Log - Parsing displayed account count to integer...
[INFO ] 2025-04-17 18:06:07.254 [main] Log - Parsed displayed account count: 3
[INFO ] 2025-04-17 18:06:07.254 [main] Log - Comparing expected and displayed dates...
[INFO ] 2025-04-17 18:06:07.254 [main] Log - Date matches.
[INFO ] 2025-04-17 18:06:07.254 [main] Log - Comparing expected and displayed account counts...
[INFO ] 2025-04-17 18:06:07.254 [main] Log - Account count matches.
[INFO ] 2025-04-17 18:06:07.254 [main] Log - Final result of today's allocation check: true
